<?xml version="1.0" encoding="UTF-8"?>
<!-- Generated by org.testng.reporters.JUnitXMLReporter -->
<testsuite hostname="LAPTOP-ADT77JS1" failures="0" tests="2" name="Surefire test" time="0.346" errors="0" timestamp="22 Jun 2021 17:36:34 GMT">
  <testcase classname="ru.itis.Tests.AuthorizationTest" name="@BeforeClass setUp" time="0.0">
    <failure type="org.testng.TestNGException" message="
Parameter &amp;apos;browser&amp;apos; is required by @Configuration on method setUp but has not been marked @Optional or defined
">
      <![CDATA[org.testng.TestNGException: 
Parameter 'browser' is required by @Configuration on method setUp but has not been marked @Optional or defined

	at java.base/java.util.concurrent.ThreadPoolExecutor.runWorker(ThreadPoolExecutor.java:1135)
	at java.base/java.util.concurrent.ThreadPoolExecutor$Worker.run(ThreadPoolExecutor.java:635)
	at java.base/java.lang.Thread.run(Thread.java:844)
... Removed 7 stack frames]]>
    </failure>
  </testcase> <!-- @BeforeClass setUp -->
  <testcase classname="ru.itis.Tests.AuthorizationTest" name="@AfterClass tearDown" time="0.0">
    <skipped/>
  </testcase> <!-- @AfterClass tearDown -->
  <testcase classname="ru.itis.Tests.AuthorizationTest" name="authorization" time="0.028">
    <skipped/>
  </testcase> <!-- authorization -->
  <testcase classname="ru.itis.Tests.AuthorizationTest" name="authorizationStudent" time="0.027">
    <skipped/>
  </testcase> <!-- authorizationStudent -->
</testsuite> <!-- Surefire test -->
